Arduino Reference:

Arduino programs can be divided in three main parts: structure,values(variables and constants), and functions. 

Language:

Structure:

	setup():
		Use it to initialize variables, pin modes, start using libraries,etc.
		The setup function will only run once, after each powerup or reset of the
		Arduino board.
	loop():
		Use it to actively control the Arduino board.

	Control Structures:
		if: ==, !=, <, >
		if...else:
		for:
		switch case:
		while 
		do...while
		break
		continue
		return
		goto
	
	Further Syntax:
		;
		{}
		//
		/**/
		#define
		#include

	Arithmetic Operators:
		=
		+
		-
		*
		/
		%

	Comparison Operators:
		==
		!=
		<
		>
		<=
		>=

	Boolean Operators:
		&&
		||
		!

	Pointer Access Operators:
		*
		&

	Bitwise Operators:
		&
		|
		^
		~
		<<
		>>

	Compound Operators:
		++
		--
		+=
		-=
		*=
		/=
		&=
		|=

Variables:

	Constants:
		HIGH LOW
		INPUT OUTPUT INPUT_OUTPUT
		true false
		integer constants
		floating point constants

	Data Types:
		void
		boolean
		char
		unsigned char
		byte
		int
		unsigned int
		word
		long
		unsigned long
		float
		double
		string: char array
		String: object
		array

	Conversion:
		char()
		byte()
		int()
		word()
		long()
		float()

	Variable Scope & Qualifiers:
		variable scope
		static
		volatile
		const

	Utilities:
		sizeof()

Functions:

	Digital I/O:
		pinMode()
		digitalWrite()
		digitalRead()

	Analog I/O:
		analogReference()
		analogRead()
		analgWrite()

	Advanced I/O:
		tone()
		noTone()
		shiftOut()
		shiftIn()
		pulseIn()

	Time:
		millis()
		micros()
		delay():ms
		delayMicroseconds()

	Math:
		min()
		max()
		abs()
		constrain()
		map()
		pow()
		sqrt()

	Trigonometry:
		sin()
		cos()
		tan()

	Random Numbers:
		randomSeed()
		random()

	Bit and Bytes:
		lowByte()
		highByte()
		bitRead()
		bitWrite()
		bitSet()
		bitClear()
		bit()

	External Interrupts:
		attachInterrupt()
		detachInterrupt()

	Interrupts:
		interrupts()
		noInterrupts()

	Communication:
		Serial:
			begin()
			print()
			println()
		Stream:

	Leonardo Specific
		Keyboard
		Mouse

Libraries:

	Standard Libraries:
		EEPROM
		Ethernet
		Firmata
		LiguidCrystal
		SD
		Servo
		SPI
		SoftwareSerial
		Stepper
		Wire

